<?xml version="1.0" encoding="UTF-8"?>
<!-- Generated by org.testng.reporters.JUnitReportReporter -->
<testsuite skipped="0" hostname="DESKTOP-RR053FN" name="test.DashboardTest" tests="1" failures="0" timestamp="21 Feb 2020 02:45:17 GMT" time="18.875" errors="0">
  <testcase name="clickOnPosts" time="18.875" classname="test.DashboardTest"/>
</testsuite> <!-- test.DashboardTest -->
