<?xml version="1.0" encoding="UTF-8"?>
<!-- Generated by org.testng.reporters.JUnitReportReporter -->
<testsuite skipped="0" hostname="DESKTOP-RR053FN" name="test.LoginTest" tests="1" failures="0" timestamp="21 Feb 2020 02:42:58 GMT" time="17.374" errors="0">
  <testcase name="validuserShouldableToLogin" time="17.374" classname="test.LoginTest"/>
</testsuite> <!-- test.LoginTest -->
